{
  "RSpec": {
    "coverage": {
      "/Users/jimpublicover/Desktop/super_dictionary/app/helpers/application_helper.rb": [
        1,
        null
      ],
      "/Users/jimpublicover/Desktop/super_dictionary/app/helpers/dashboards_helper.rb": [
        1,
        null
      ],
      "/Users/jimpublicover/Desktop/super_dictionary/app/helpers/sessions_helper.rb": [
        1,
        null
      ],
      "/Users/jimpublicover/Desktop/super_dictionary/app/helpers/users_helper.rb": [
        1,
        null
      ],
      "/Users/jimpublicover/Desktop/super_dictionary/app/controllers/dashboards_controller.rb": [
        1,
        1,
        null,
        1,
        null,
        null
      ],
      "/Users/jimpublicover/Desktop/super_dictionary/app/controllers/application_controller.rb": [
        1,
        1,
        null,
        1,
        0,
        0,
        null,
        null,
        null,
        1,
        5,
        3,
        null,
        null,
        null,
        1,
        0,
        null,
        null
      ],
      "/Users/jimpublicover/Desktop/super_dictionary/app/models/user.rb": [
        1,
        1,
        1,
        1,
        null
      ],
      "/Users/jimpublicover/Desktop/super_dictionary/app/models/application_record.rb": [
        1,
        1,
        null
      ],
      "/Users/jimpublicover/Desktop/super_dictionary/app/controllers/sessions_controller.rb": [
        1,
        1,
        null,
        null,
        1,
        2,
        2,
        2,
        2,
        null,
        0,
        0,
        null,
        null,
        null,
        1,
        0,
        0,
        null,
        null
      ],
      "/Users/jimpublicover/Desktop/super_dictionary/app/controllers/users_controller.rb": [
        1,
        1,
        2,
        null,
        null,
        1,
        1,
        null,
        1,
        1,
        null,
        0,
        null,
        null,
        null,
        1,
        null,
        1,
        1,
        null,
        null
      ],
      "/Users/jimpublicover/Desktop/super_dictionary/app/mailers/application_mailer.rb": [
        0,
        0,
        0,
        0
      ],
      "/Users/jimpublicover/Desktop/super_dictionary/app/jobs/application_job.rb": [
        0,
        0
      ],
      "/Users/jimpublicover/Desktop/super_dictionary/app/channels/application_cable/connection.rb": [
        0,
        0,
        0,
        0
      ],
      "/Users/jimpublicover/Desktop/super_dictionary/app/channels/application_cable/channel.rb": [
        0,
        0,
        0,
        0
      ]
    },
    "timestamp": 1518400542
  }
}
